c:\tmp\kinect\pgdemo\pgdemo\release\pgdemo.pch
c:\tmp\kinect\pgdemo\pgdemo\release\vc120.pdb
c:\tmp\kinect\pgdemo\pgdemo\release\stdafx.obj
c:\tmp\kinect\pgdemo\pgdemo\release\pgdemodlg.obj
c:\tmp\kinect\pgdemo\pgdemo\release\pgdemo.obj
c:\tmp\kinect\pgdemo\pgdemo\release\gpoint.obj
c:\tmp\kinect\pgdemo\pgdemo\release\gplane.obj
c:\tmp\kinect\pgdemo\pgdemo\release\gobject.obj
c:\tmp\kinect\pgdemo\pgdemo\release\gcloud.obj
c:\tmp\kinect\pgdemo\pgdemo\release\debuglog.obj
c:\tmp\kinect\pgdemo\pgdemo\release\configio.obj
c:\tmp\kinect\pgdemo\release\pgdemo.exe
c:\tmp\kinect\pgdemo\release\pgdemo.pdb
c:\tmp\kinect\pgdemo\pgdemo\release\pgdemo.res
c:\tmp\kinect\pgdemo\pgdemo\release\pgdemo.tlog\cl.command.1.tlog
c:\tmp\kinect\pgdemo\pgdemo\release\pgdemo.tlog\cl.read.1.tlog
c:\tmp\kinect\pgdemo\pgdemo\release\pgdemo.tlog\cl.write.1.tlog
c:\tmp\kinect\pgdemo\pgdemo\release\pgdemo.tlog\link.command.1.tlog
c:\tmp\kinect\pgdemo\pgdemo\release\pgdemo.tlog\link.read.1.tlog
c:\tmp\kinect\pgdemo\pgdemo\release\pgdemo.tlog\link.write.1.tlog
c:\tmp\kinect\pgdemo\pgdemo\release\pgdemo.tlog\rc.command.1.tlog
c:\tmp\kinect\pgdemo\pgdemo\release\pgdemo.tlog\rc.read.1.tlog
c:\tmp\kinect\pgdemo\pgdemo\release\pgdemo.tlog\rc.write.1.tlog
